[17:46:13] [INFO] [MQTT] Conectado exitosamente con código: 0
[18:24:08] [INFO] [MQTT] Conectado exitosamente con código: 0
[18:28:12] [DEBUG] Archivo dispositivos.json cargado con 4 dispositivos.
[18:28:12] [INFO] Verificando estado de conexión de los dispositivos...
[18:28:13] [DEBUG] Dispositivo: ArduinoRGB | IP: 192.168.2.22 | Estado: Desconectado
[18:28:14] [DEBUG] Dispositivo: ESP32_FUZZY | IP: 192.168.0.144 | Estado: Desconectado
[18:28:15] [DEBUG] Dispositivo: ESP32_PID | IP: 192.168.1.53 | Estado: Desconectado
[18:28:16] [DEBUG] Dispositivo: ArduinoControl | IP: 192.168.2.27 | Estado: Desconectado
[18:28:16] [INFO] DISPOSITIVOS CON ESTADO: [{'nombre': 'ArduinoRGB', 'info': {'id': 'ArduinoRGB', 'ip': '192.168.2.22', 'hostname': 'RGB_MQTT', 'tipo': 'Arduino', 'comunicacion': 'mqtt', 'puerto': 1883, 'topics_pub': ['ArduinoRGB/analog/potR', 'ArduinoRGB/analog/potG', 'ArduinoRGB/analog/potB', 'ArduinoRGB/analog/red', 'ArduinoRGB/analog/green', 'ArduinoRGB/analog/blue', 'ArduinoRGB/digital/switch'], 'topics_sub': ['ArduinoRGB/analog/PWMred', 'ArduinoRGB/analog/PWMgreen', 'ArduinoRGB/analog/PWMblue']}, 'estado': 'Desconectado'}, {'nombre': 'ESP32_FUZZY', 'info': {'id': 'ESP32_FUZZY', 'ip': '192.168.0.144', 'hostname': 'FUZZY_DH11', 'tipo': 'ESP32', 'comunicacion': 'mqtt', 'puerto': 1883, 'topics_pub': ['ESP32_FUZZY/digital/estado_sensor', 'ESP32_FUZZY/analog/temperatura', 'ESP32_FUZZY/analog/humedad', 'ESP32_FUZZY/analog/pwm', 'ESP32_FUZZY/cadena/nivel', 'ESP32_FUZZY/array/led', 'ESP32_FUZZY/cadena/w1', 'ESP32_FUZZY/cadena/w2', 'ESP32_FUZZY/cadena/w3'], 'topics_sub': []}, 'estado': 'Desconectado'}, {'nombre': 'ESP32_PID', 'info': {'id': 'ESP32_PID', 'ip': '192.168.1.53', 'hostname': 'PID_MOTOR', 'tipo': 'ESP32', 'comunicacion': 'mqtt', 'puerto': 1883, 'topics_pub': ['analog/setpoint_actual', 'analog/medida', 'analog/salidaPID'], 'topics_sub': ['analog/setpoint', 'analog/kp', 'analog/ki', 'analog/kd']}, 'estado': 'Desconectado'}, {'nombre': 'ArduinoControl', 'info': {'id': 'ArduinoControl', 'ip': '192.168.2.27', 'hostname': 'PrimerProg', 'tipo': 'Arduino', 'comunicacion': 'mqtt', 'puerto': 1883, 'topics_pub': ['ArduinoControl/analog/pot1', 'ArduinoControl/analog/pot2', 'ArduinoControl/digital/interruptor'], 'topics_sub': ['ArduinoControl/digital/led_control']}, 'estado': 'Desconectado'}]
[18:51:29] [DEBUG] [MQTT] dispositivos/registro/ArduinoRGB/1: 
{
  "id": "ArduinoRGB",
  "ip": "192.168.2.169",
  "hostnam
[18:51:29] [WARNING] [DEBUG] procesar_fragmento llamado con: dispositivos/registro/ArduinoRGB/1
[18:51:29] [DEBUG] Fragmento #1 recibido de ArduinoRGB
[18:51:29] [DEBUG] [MQTT] dispositivos/registro/ArduinoRGB/2: e": "RGB_MQTT",
  "tipo": "Arduino",
  "comunicacion": "mqtt
[18:51:29] [WARNING] [DEBUG] procesar_fragmento llamado con: dispositivos/registro/ArduinoRGB/2
[18:51:29] [DEBUG] Fragmento #2 recibido de ArduinoRGB
[18:51:29] [DEBUG] [MQTT] dispositivos/registro/ArduinoRGB/3: ",
  "puerto": 1883,
  "topics_pub": [
    "ArduinoRGB/analo
[18:51:29] [WARNING] [DEBUG] procesar_fragmento llamado con: dispositivos/registro/ArduinoRGB/3
[18:51:29] [DEBUG] Fragmento #3 recibido de ArduinoRGB
[18:51:29] [DEBUG] [MQTT] dispositivos/registro/ArduinoRGB/4: g/potR",
    "ArduinoRGB/analog/potG",
    "ArduinoRGB/analo
[18:51:29] [WARNING] [DEBUG] procesar_fragmento llamado con: dispositivos/registro/ArduinoRGB/4
[18:51:29] [DEBUG] Fragmento #4 recibido de ArduinoRGB
[18:51:29] [DEBUG] [MQTT] dispositivos/registro/ArduinoRGB/5: g/potB",
    "ArduinoRGB/analog/red",
    "ArduinoRGB/analog
[18:51:29] [WARNING] [DEBUG] procesar_fragmento llamado con: dispositivos/registro/ArduinoRGB/5
[18:51:29] [DEBUG] Fragmento #5 recibido de ArduinoRGB
[18:51:29] [DEBUG] [MQTT] dispositivos/registro/ArduinoRGB/6: /green",
    "ArduinoRGB/analog/blue",
    "ArduinoRGB/digit
[18:51:29] [WARNING] [DEBUG] procesar_fragmento llamado con: dispositivos/registro/ArduinoRGB/6
[18:51:29] [DEBUG] Fragmento #6 recibido de ArduinoRGB
[18:51:29] [DEBUG] [MQTT] dispositivos/registro/ArduinoRGB/7: al/switch"
  ],
  "topics_sub": [
    "ArduinoRGB/analog/PWM
[18:51:29] [WARNING] [DEBUG] procesar_fragmento llamado con: dispositivos/registro/ArduinoRGB/7
[18:51:29] [DEBUG] Fragmento #7 recibido de ArduinoRGB
[18:51:29] [DEBUG] [MQTT] dispositivos/registro/ArduinoRGB/8: red",
    "ArduinoRGB/analog/PWMgreen",
    "ArduinoRGB/anal
[18:51:29] [WARNING] [DEBUG] procesar_fragmento llamado con: dispositivos/registro/ArduinoRGB/8
[18:51:29] [DEBUG] Fragmento #8 recibido de ArduinoRGB
[18:51:29] [DEBUG] [MQTT] dispositivos/registro/ArduinoRGB/9: og/PWMblue"
  ]
}

[18:51:29] [WARNING] [DEBUG] procesar_fragmento llamado con: dispositivos/registro/ArduinoRGB/9
[18:51:29] [DEBUG] Fragmento #9 recibido de ArduinoRGB
[18:51:29] [DEBUG] [MQTT] dispositivos/registro/ArduinoRGB/final: <<END>>
[18:51:29] [WARNING] [DEBUG] procesar_fragmento llamado con: dispositivos/registro/ArduinoRGB/final
[18:51:29] [WARNING] DEBUG: final recibido para ArduinoRGB
[18:51:29] [WARNING] DEBUG: claves activas: ['ArduinoRGB']
[18:51:29] [DEBUG] JSON RECONSTRUIDO COMPLETO para ArduinoRGB:

{
  "id": "ArduinoRGB",
  "ip": "192.168.2.169",
  "hostname": "RGB_MQTT",
  "tipo": "Arduino",
  "comunicacion": "mqtt",
  "puerto": 1883,
  "topics_pub": [
    "ArduinoRGB/analog/potR",
    "ArduinoRGB/analog/potG",
    "ArduinoRGB/analog/potB",
    "ArduinoRGB/analog/red",
    "ArduinoRGB/analog/green",
    "ArduinoRGB/analog/blue",
    "ArduinoRGB/digital/switch"
  ],
  "topics_sub": [
    "ArduinoRGB/analog/PWMred",
    "ArduinoRGB/analog/PWMgreen",
    "ArduinoRGB/analog/PWMblue"
  ]
}

[18:51:29] [DEBUG] Archivo dispositivos.json cargado con 4 dispositivos.
[18:51:29] [DEBUG] Archivo dispositivos.json guardado correctamente.
[18:51:29] [INFO] Dispositivo 'ArduinoRGB' registrado con nueva IP 192.168.2.169.
[18:51:29] [INFO] Dispositivo 'ArduinoRGB' registrado correctamente.
[19:44:52] [INFO] [MQTT] Conectado exitosamente con código: 0
[19:48:04] [INFO] [MQTT] Conectado exitosamente con código: 0
[19:48:18] [INFO] [MQTT] Conectado exitosamente con código: 0
[20:03:23] [DEBUG] [MQTT] dispositivos/registro/ArduinoRGB/1: 
{
  "id": "ArduinoRGB",
  "ip": "192.168.2.169",
  "hostnam
[20:03:23] [WARNING] [DEBUG] procesar_fragmento llamado con: dispositivos/registro/ArduinoRGB/1
[20:03:23] [DEBUG] Fragmento #1 recibido de ArduinoRGB
[20:03:23] [DEBUG] [MQTT] dispositivos/registro/ArduinoRGB/2: e": "RGB_MQTT",
  "tipo": "Arduino",
  "comunicacion": "mqtt
[20:03:23] [WARNING] [DEBUG] procesar_fragmento llamado con: dispositivos/registro/ArduinoRGB/2
[20:03:23] [DEBUG] Fragmento #2 recibido de ArduinoRGB
[20:03:23] [DEBUG] [MQTT] dispositivos/registro/ArduinoRGB/3: ",
  "puerto": 1883,
  "topics_pub": [
    "ArduinoRGB/analo
[20:03:23] [WARNING] [DEBUG] procesar_fragmento llamado con: dispositivos/registro/ArduinoRGB/3
[20:03:23] [DEBUG] Fragmento #3 recibido de ArduinoRGB
[20:03:23] [DEBUG] [MQTT] dispositivos/registro/ArduinoRGB/4: g/potR",
    "ArduinoRGB/analog/potG",
    "ArduinoRGB/analo
[20:03:23] [WARNING] [DEBUG] procesar_fragmento llamado con: dispositivos/registro/ArduinoRGB/4
[20:03:23] [DEBUG] Fragmento #4 recibido de ArduinoRGB
[20:03:23] [DEBUG] [MQTT] dispositivos/registro/ArduinoRGB/5: g/potB",
    "ArduinoRGB/analog/red",
    "ArduinoRGB/analog
[20:03:23] [WARNING] [DEBUG] procesar_fragmento llamado con: dispositivos/registro/ArduinoRGB/5
[20:03:23] [DEBUG] Fragmento #5 recibido de ArduinoRGB
[20:03:23] [DEBUG] [MQTT] dispositivos/registro/ArduinoRGB/6: /green",
    "ArduinoRGB/analog/blue",
    "ArduinoRGB/digit
[20:03:23] [WARNING] [DEBUG] procesar_fragmento llamado con: dispositivos/registro/ArduinoRGB/6
[20:03:23] [DEBUG] Fragmento #6 recibido de ArduinoRGB
[20:03:23] [DEBUG] [MQTT] dispositivos/registro/ArduinoRGB/7: al/switch"
  ],
  "topics_sub": [
    "ArduinoRGB/analog/PWM
[20:03:23] [WARNING] [DEBUG] procesar_fragmento llamado con: dispositivos/registro/ArduinoRGB/7
[20:03:23] [DEBUG] Fragmento #7 recibido de ArduinoRGB
[20:03:23] [DEBUG] [MQTT] dispositivos/registro/ArduinoRGB/8: red",
    "ArduinoRGB/analog/PWMgreen",
    "ArduinoRGB/anal
[20:03:23] [WARNING] [DEBUG] procesar_fragmento llamado con: dispositivos/registro/ArduinoRGB/8
[20:03:23] [DEBUG] Fragmento #8 recibido de ArduinoRGB
[20:03:23] [DEBUG] [MQTT] dispositivos/registro/ArduinoRGB/9: og/PWMblue"
  ]
}

[20:03:23] [WARNING] [DEBUG] procesar_fragmento llamado con: dispositivos/registro/ArduinoRGB/9
[20:03:23] [DEBUG] Fragmento #9 recibido de ArduinoRGB
[20:03:23] [DEBUG] [MQTT] dispositivos/registro/ArduinoRGB/final: <<END>>
[20:03:23] [WARNING] [DEBUG] procesar_fragmento llamado con: dispositivos/registro/ArduinoRGB/final
[20:03:23] [WARNING] DEBUG: final recibido para ArduinoRGB
[20:03:23] [WARNING] DEBUG: claves activas: ['ArduinoRGB']
[20:03:23] [DEBUG] JSON RECONSTRUIDO COMPLETO para ArduinoRGB:

{
  "id": "ArduinoRGB",
  "ip": "192.168.2.169",
  "hostname": "RGB_MQTT",
  "tipo": "Arduino",
  "comunicacion": "mqtt",
  "puerto": 1883,
  "topics_pub": [
    "ArduinoRGB/analog/potR",
    "ArduinoRGB/analog/potG",
    "ArduinoRGB/analog/potB",
    "ArduinoRGB/analog/red",
    "ArduinoRGB/analog/green",
    "ArduinoRGB/analog/blue",
    "ArduinoRGB/digital/switch"
  ],
  "topics_sub": [
    "ArduinoRGB/analog/PWMred",
    "ArduinoRGB/analog/PWMgreen",
    "ArduinoRGB/analog/PWMblue"
  ]
}

[20:03:23] [DEBUG] Archivo dispositivos.json cargado con 4 dispositivos.
[20:03:23] [DEBUG] Archivo dispositivos.json guardado correctamente.
[20:03:23] [INFO] Dispositivo 'ArduinoRGB' actualizado con IP 192.168.2.169.
[20:03:23] [INFO] Dispositivo 'ArduinoRGB' registrado correctamente.
[20:04:20] [DEBUG] [MQTT] dispositivos/registro/ArduinoRGB/1: 
{
  "id": "ArduinoRGB",
  "ip": "192.168.2.169",
  "hostnam
[20:04:20] [WARNING] [DEBUG] procesar_fragmento llamado con: dispositivos/registro/ArduinoRGB/1
[20:04:20] [DEBUG] Fragmento #1 recibido de ArduinoRGB
[20:04:20] [DEBUG] [MQTT] dispositivos/registro/ArduinoRGB/2: e": "RGB_MQTT",
  "tipo": "Arduino",
  "comunicacion": "mqtt
[20:04:20] [WARNING] [DEBUG] procesar_fragmento llamado con: dispositivos/registro/ArduinoRGB/2
[20:04:20] [DEBUG] Fragmento #2 recibido de ArduinoRGB
[20:04:20] [DEBUG] [MQTT] dispositivos/registro/ArduinoRGB/3: ",
  "puerto": 1883,
  "topics_pub": [
    "ArduinoRGB/analo
[20:04:20] [WARNING] [DEBUG] procesar_fragmento llamado con: dispositivos/registro/ArduinoRGB/3
[20:04:20] [DEBUG] Fragmento #3 recibido de ArduinoRGB
[20:04:20] [DEBUG] [MQTT] dispositivos/registro/ArduinoRGB/4: g/potR",
    "ArduinoRGB/analog/potG",
    "ArduinoRGB/analo
[20:04:20] [WARNING] [DEBUG] procesar_fragmento llamado con: dispositivos/registro/ArduinoRGB/4
[20:04:20] [DEBUG] Fragmento #4 recibido de ArduinoRGB
[20:04:20] [DEBUG] [MQTT] dispositivos/registro/ArduinoRGB/5: g/potB",
    "ArduinoRGB/analog/red",
    "ArduinoRGB/analog
[20:04:20] [WARNING] [DEBUG] procesar_fragmento llamado con: dispositivos/registro/ArduinoRGB/5
[20:04:20] [DEBUG] Fragmento #5 recibido de ArduinoRGB
[20:04:20] [DEBUG] [MQTT] dispositivos/registro/ArduinoRGB/6: /green",
    "ArduinoRGB/analog/blue",
    "ArduinoRGB/digit
[20:04:20] [WARNING] [DEBUG] procesar_fragmento llamado con: dispositivos/registro/ArduinoRGB/6
[20:04:20] [DEBUG] Fragmento #6 recibido de ArduinoRGB
[20:04:20] [DEBUG] [MQTT] dispositivos/registro/ArduinoRGB/7: al/switch"
  ],
  "topics_sub": [
    "ArduinoRGB/analog/PWM
[20:04:20] [WARNING] [DEBUG] procesar_fragmento llamado con: dispositivos/registro/ArduinoRGB/7
[20:04:20] [DEBUG] Fragmento #7 recibido de ArduinoRGB
[20:04:20] [DEBUG] [MQTT] dispositivos/registro/ArduinoRGB/8: red",
    "ArduinoRGB/analog/PWMgreen",
    "ArduinoRGB/anal
[20:04:20] [WARNING] [DEBUG] procesar_fragmento llamado con: dispositivos/registro/ArduinoRGB/8
[20:04:20] [DEBUG] Fragmento #8 recibido de ArduinoRGB
[20:04:20] [DEBUG] [MQTT] dispositivos/registro/ArduinoRGB/9: og/PWMblue"
  ]
}

[20:04:20] [WARNING] [DEBUG] procesar_fragmento llamado con: dispositivos/registro/ArduinoRGB/9
[20:04:20] [DEBUG] Fragmento #9 recibido de ArduinoRGB
[20:04:20] [DEBUG] [MQTT] dispositivos/registro/ArduinoRGB/final: <<END>>
[20:04:20] [WARNING] [DEBUG] procesar_fragmento llamado con: dispositivos/registro/ArduinoRGB/final
[20:04:20] [WARNING] DEBUG: final recibido para ArduinoRGB
[20:04:20] [WARNING] DEBUG: claves activas: ['ArduinoRGB']
[20:04:20] [DEBUG] JSON RECONSTRUIDO COMPLETO para ArduinoRGB:

{
  "id": "ArduinoRGB",
  "ip": "192.168.2.169",
  "hostname": "RGB_MQTT",
  "tipo": "Arduino",
  "comunicacion": "mqtt",
  "puerto": 1883,
  "topics_pub": [
    "ArduinoRGB/analog/potR",
    "ArduinoRGB/analog/potG",
    "ArduinoRGB/analog/potB",
    "ArduinoRGB/analog/red",
    "ArduinoRGB/analog/green",
    "ArduinoRGB/analog/blue",
    "ArduinoRGB/digital/switch"
  ],
  "topics_sub": [
    "ArduinoRGB/analog/PWMred",
    "ArduinoRGB/analog/PWMgreen",
    "ArduinoRGB/analog/PWMblue"
  ]
}

[20:04:20] [DEBUG] Archivo dispositivos.json cargado con 4 dispositivos.
[20:04:20] [DEBUG] Archivo dispositivos.json guardado correctamente.
[20:04:20] [INFO] Dispositivo 'ArduinoRGB' actualizado con IP 192.168.2.169.
[20:04:20] [INFO] Dispositivo 'ArduinoRGB' registrado correctamente.
[20:07:41] [DEBUG] [MQTT] dispositivos/registro/ArduinoRGB/1: 
{
  "id": "ArduinoRGB",
  "ip": "192.168.2.169",
  "hostnam
[20:07:41] [WARNING] [DEBUG] procesar_fragmento llamado con: dispositivos/registro/ArduinoRGB/1
[20:07:41] [DEBUG] Fragmento #1 recibido de ArduinoRGB
[20:07:41] [DEBUG] [MQTT] dispositivos/registro/ArduinoRGB/2: e": "RGB_MQTT",
  "tipo": "Arduino",
  "comunicacion": "mqtt
[20:07:41] [WARNING] [DEBUG] procesar_fragmento llamado con: dispositivos/registro/ArduinoRGB/2
[20:07:41] [DEBUG] Fragmento #2 recibido de ArduinoRGB
[20:07:41] [DEBUG] [MQTT] dispositivos/registro/ArduinoRGB/3: ",
  "puerto": 1883,
  "topics_pub": [
    "ArduinoRGB/analo
[20:07:41] [WARNING] [DEBUG] procesar_fragmento llamado con: dispositivos/registro/ArduinoRGB/3
[20:07:41] [DEBUG] Fragmento #3 recibido de ArduinoRGB
[20:07:41] [DEBUG] [MQTT] dispositivos/registro/ArduinoRGB/4: g/potR",
    "ArduinoRGB/analog/potG",
    "ArduinoRGB/analo
[20:07:41] [WARNING] [DEBUG] procesar_fragmento llamado con: dispositivos/registro/ArduinoRGB/4
[20:07:41] [DEBUG] Fragmento #4 recibido de ArduinoRGB
[20:07:41] [DEBUG] [MQTT] dispositivos/registro/ArduinoRGB/5: g/potB",
    "ArduinoRGB/analog/red",
    "ArduinoRGB/analog
[20:07:41] [WARNING] [DEBUG] procesar_fragmento llamado con: dispositivos/registro/ArduinoRGB/5
[20:07:41] [DEBUG] Fragmento #5 recibido de ArduinoRGB
[20:07:41] [DEBUG] [MQTT] dispositivos/registro/ArduinoRGB/6: /green",
    "ArduinoRGB/analog/blue",
    "ArduinoRGB/digit
[20:07:41] [WARNING] [DEBUG] procesar_fragmento llamado con: dispositivos/registro/ArduinoRGB/6
[20:07:41] [DEBUG] Fragmento #6 recibido de ArduinoRGB
[20:07:41] [DEBUG] [MQTT] dispositivos/registro/ArduinoRGB/7: al/switch"
  ],
  "topics_sub": [
    "ArduinoRGB/analog/PWM
[20:07:41] [WARNING] [DEBUG] procesar_fragmento llamado con: dispositivos/registro/ArduinoRGB/7
[20:07:41] [DEBUG] Fragmento #7 recibido de ArduinoRGB
[20:07:41] [DEBUG] [MQTT] dispositivos/registro/ArduinoRGB/8: red",
    "ArduinoRGB/analog/PWMgreen",
    "ArduinoRGB/anal
[20:07:41] [WARNING] [DEBUG] procesar_fragmento llamado con: dispositivos/registro/ArduinoRGB/8
[20:07:41] [DEBUG] Fragmento #8 recibido de ArduinoRGB
[20:07:41] [DEBUG] [MQTT] dispositivos/registro/ArduinoRGB/9: og/PWMblue"
  ]
}

[20:07:41] [WARNING] [DEBUG] procesar_fragmento llamado con: dispositivos/registro/ArduinoRGB/9
[20:07:41] [DEBUG] Fragmento #9 recibido de ArduinoRGB
[20:07:41] [DEBUG] [MQTT] dispositivos/registro/ArduinoRGB/final: <<END>>
[20:07:41] [WARNING] [DEBUG] procesar_fragmento llamado con: dispositivos/registro/ArduinoRGB/final
[20:07:41] [WARNING] DEBUG: final recibido para ArduinoRGB
[20:07:41] [WARNING] DEBUG: claves activas: ['ArduinoRGB']
[20:07:41] [DEBUG] JSON RECONSTRUIDO COMPLETO para ArduinoRGB:

{
  "id": "ArduinoRGB",
  "ip": "192.168.2.169",
  "hostname": "RGB_MQTT",
  "tipo": "Arduino",
  "comunicacion": "mqtt",
  "puerto": 1883,
  "topics_pub": [
    "ArduinoRGB/analog/potR",
    "ArduinoRGB/analog/potG",
    "ArduinoRGB/analog/potB",
    "ArduinoRGB/analog/red",
    "ArduinoRGB/analog/green",
    "ArduinoRGB/analog/blue",
    "ArduinoRGB/digital/switch"
  ],
  "topics_sub": [
    "ArduinoRGB/analog/PWMred",
    "ArduinoRGB/analog/PWMgreen",
    "ArduinoRGB/analog/PWMblue"
  ]
}

[20:07:41] [DEBUG] Archivo dispositivos.json cargado con 4 dispositivos.
[20:07:41] [DEBUG] Archivo dispositivos.json guardado correctamente.
[20:07:41] [INFO] Dispositivo 'ArduinoRGB' actualizado con IP 192.168.2.169.
[20:07:41] [INFO] Dispositivo 'ArduinoRGB' registrado correctamente.
[20:09:34] [DEBUG] Archivo dispositivos.json cargado con 4 dispositivos.
[20:09:36] [DEBUG] Archivo dispositivos.json cargado con 4 dispositivos.
[20:09:40] [DEBUG] Archivo dispositivos.json cargado con 4 dispositivos.
[20:09:47] [DEBUG] Archivo dispositivos.json cargado con 4 dispositivos.
[20:09:48] [DEBUG] Archivo dispositivos.json cargado con 4 dispositivos.
[20:09:48] [DEBUG] Archivo dispositivos.json cargado con 4 dispositivos.
[20:09:48] [DEBUG] Archivo dispositivos.json cargado con 4 dispositivos.
[20:09:49] [DEBUG] Archivo dispositivos.json cargado con 4 dispositivos.
[20:09:50] [DEBUG] Archivo dispositivos.json cargado con 4 dispositivos.
[20:09:50] [DEBUG] Archivo dispositivos.json cargado con 4 dispositivos.
[20:09:52] [DEBUG] Archivo dispositivos.json cargado con 4 dispositivos.
[20:09:54] [DEBUG] Archivo dispositivos.json cargado con 4 dispositivos.
[20:10:02] [DEBUG] Archivo dispositivos.json cargado con 4 dispositivos.
[20:10:04] [DEBUG] Archivo dispositivos.json cargado con 4 dispositivos.
[20:10:05] [DEBUG] Archivo dispositivos.json cargado con 4 dispositivos.
[20:10:05] [DEBUG] Archivo dispositivos.json cargado con 4 dispositivos.
[20:10:07] [DEBUG] Archivo dispositivos.json cargado con 4 dispositivos.
[20:10:08] [DEBUG] Archivo dispositivos.json cargado con 4 dispositivos.
[20:10:11] [DEBUG] Archivo dispositivos.json cargado con 4 dispositivos.
[20:10:14] [DEBUG] Archivo dispositivos.json cargado con 4 dispositivos.
[20:10:16] [DEBUG] Archivo dispositivos.json cargado con 4 dispositivos.
[20:10:36] [DEBUG] Archivo dispositivos.json cargado con 4 dispositivos.
[20:10:39] [DEBUG] Archivo dispositivos.json cargado con 4 dispositivos.
[20:12:05] [DEBUG] Archivo dispositivos.json cargado con 4 dispositivos.
[20:12:06] [DEBUG] Archivo dispositivos.json cargado con 4 dispositivos.
[20:12:11] [DEBUG] Archivo dispositivos.json cargado con 4 dispositivos.
[20:12:13] [DEBUG] Archivo dispositivos.json cargado con 4 dispositivos.
[20:12:14] [DEBUG] Archivo dispositivos.json cargado con 4 dispositivos.
[20:12:16] [DEBUG] Archivo dispositivos.json cargado con 4 dispositivos.
[20:12:19] [DEBUG] Archivo dispositivos.json cargado con 4 dispositivos.
[20:12:21] [DEBUG] Archivo dispositivos.json cargado con 4 dispositivos.
[20:21:26] [DEBUG] Archivo dispositivos.json cargado con 4 dispositivos.
