[12:55:05] [INFO] [MQTT] Conectado exitosamente con código: 0
[14:07:41] [DEBUG] [MQTT] dispositivos/registro/ArduinoRGB/1: 
{
  "id": "ArduinoRGB",
  "ip": "192.168.100.123",
  "hostn
[14:07:41] [WARNING] [DEBUG] procesar_fragmento llamado con: dispositivos/registro/ArduinoRGB/1
[14:07:41] [DEBUG] Fragmento #1 recibido de ArduinoRGB
[14:07:41] [DEBUG] [MQTT] dispositivos/registro/ArduinoRGB/2: ame": "RGB_MQTT",
  "tipo": "Arduino",
  "comunicacion": "mq
[14:07:41] [WARNING] [DEBUG] procesar_fragmento llamado con: dispositivos/registro/ArduinoRGB/2
[14:07:41] [DEBUG] Fragmento #2 recibido de ArduinoRGB
[14:07:41] [DEBUG] [MQTT] dispositivos/registro/ArduinoRGB/3: tt",
  "puerto": 1883,
  "topics_pub": [
    "ArduinoRGB/ana
[14:07:41] [WARNING] [DEBUG] procesar_fragmento llamado con: dispositivos/registro/ArduinoRGB/3
[14:07:41] [DEBUG] Fragmento #3 recibido de ArduinoRGB
[14:07:41] [DEBUG] [MQTT] dispositivos/registro/ArduinoRGB/4: log/potR",
    "ArduinoRGB/analog/potG",
    "ArduinoRGB/ana
[14:07:41] [WARNING] [DEBUG] procesar_fragmento llamado con: dispositivos/registro/ArduinoRGB/4
[14:07:41] [DEBUG] Fragmento #4 recibido de ArduinoRGB
[14:07:41] [DEBUG] [MQTT] dispositivos/registro/ArduinoRGB/5: log/potB",
    "ArduinoRGB/analog/red",
    "ArduinoRGB/anal
[14:07:41] [WARNING] [DEBUG] procesar_fragmento llamado con: dispositivos/registro/ArduinoRGB/5
[14:07:41] [DEBUG] Fragmento #5 recibido de ArduinoRGB
[14:07:41] [DEBUG] [MQTT] dispositivos/registro/ArduinoRGB/6: og/green",
    "ArduinoRGB/analog/blue",
    "ArduinoRGB/dig
[14:07:41] [WARNING] [DEBUG] procesar_fragmento llamado con: dispositivos/registro/ArduinoRGB/6
[14:07:41] [DEBUG] Fragmento #6 recibido de ArduinoRGB
[14:07:41] [DEBUG] [MQTT] dispositivos/registro/ArduinoRGB/7: ital/switch"
  ],
  "topics_sub": [
    "ArduinoRGB/analog/P
[14:07:41] [WARNING] [DEBUG] procesar_fragmento llamado con: dispositivos/registro/ArduinoRGB/7
[14:07:41] [DEBUG] Fragmento #7 recibido de ArduinoRGB
[14:07:41] [DEBUG] [MQTT] dispositivos/registro/ArduinoRGB/8: WMred",
    "ArduinoRGB/analog/PWMgreen",
    "ArduinoRGB/an
[14:07:41] [WARNING] [DEBUG] procesar_fragmento llamado con: dispositivos/registro/ArduinoRGB/8
[14:07:41] [DEBUG] Fragmento #8 recibido de ArduinoRGB
[14:07:41] [DEBUG] [MQTT] dispositivos/registro/ArduinoRGB/9: alog/PWMblue"
  ]
}

[14:07:41] [WARNING] [DEBUG] procesar_fragmento llamado con: dispositivos/registro/ArduinoRGB/9
[14:07:41] [DEBUG] Fragmento #9 recibido de ArduinoRGB
[14:07:41] [DEBUG] [MQTT] dispositivos/registro/ArduinoRGB/final: <<END>>
[14:07:41] [WARNING] [DEBUG] procesar_fragmento llamado con: dispositivos/registro/ArduinoRGB/final
[14:07:41] [WARNING] DEBUG: final recibido para ArduinoRGB
[14:07:41] [WARNING] DEBUG: claves activas: ['ArduinoRGB']
[14:07:41] [DEBUG] JSON RECONSTRUIDO COMPLETO para ArduinoRGB:

{
  "id": "ArduinoRGB",
  "ip": "192.168.100.123",
  "hostname": "RGB_MQTT",
  "tipo": "Arduino",
  "comunicacion": "mqtt",
  "puerto": 1883,
  "topics_pub": [
    "ArduinoRGB/analog/potR",
    "ArduinoRGB/analog/potG",
    "ArduinoRGB/analog/potB",
    "ArduinoRGB/analog/red",
    "ArduinoRGB/analog/green",
    "ArduinoRGB/analog/blue",
    "ArduinoRGB/digital/switch"
  ],
  "topics_sub": [
    "ArduinoRGB/analog/PWMred",
    "ArduinoRGB/analog/PWMgreen",
    "ArduinoRGB/analog/PWMblue"
  ]
}

[14:07:41] [DEBUG] Archivo dispositivos.json cargado con 4 dispositivos.
[14:07:41] [DEBUG] Archivo dispositivos.json guardado correctamente.
[14:07:41] [INFO] Dispositivo 'ArduinoRGB' registrado con nueva IP 192.168.100.123.
[14:07:41] [INFO] Dispositivo 'ArduinoRGB' registrado correctamente.
[14:21:53] [DEBUG] [MQTT] dispositivos/registro/ArduinoRGB/1: 
{
  "id": "ArduinoRGB",
  "ip": "192.168.100.123",
  "hostn
[14:21:53] [WARNING] [DEBUG] procesar_fragmento llamado con: dispositivos/registro/ArduinoRGB/1
[14:21:53] [DEBUG] Fragmento #1 recibido de ArduinoRGB
[14:21:53] [DEBUG] [MQTT] dispositivos/registro/ArduinoRGB/2: ame": "RGB_MQTT",
  "tipo": "Arduino",
  "comunicacion": "mq
[14:21:53] [WARNING] [DEBUG] procesar_fragmento llamado con: dispositivos/registro/ArduinoRGB/2
[14:21:53] [DEBUG] Fragmento #2 recibido de ArduinoRGB
[14:21:53] [DEBUG] [MQTT] dispositivos/registro/ArduinoRGB/3: tt",
  "puerto": 1883,
  "topics_pub": [
    "ArduinoRGB/ana
[14:21:53] [WARNING] [DEBUG] procesar_fragmento llamado con: dispositivos/registro/ArduinoRGB/3
[14:21:53] [DEBUG] Fragmento #3 recibido de ArduinoRGB
[14:21:53] [DEBUG] [MQTT] dispositivos/registro/ArduinoRGB/4: log/potR",
    "ArduinoRGB/analog/potG",
    "ArduinoRGB/ana
[14:21:53] [WARNING] [DEBUG] procesar_fragmento llamado con: dispositivos/registro/ArduinoRGB/4
[14:21:53] [DEBUG] Fragmento #4 recibido de ArduinoRGB
[14:21:53] [DEBUG] [MQTT] dispositivos/registro/ArduinoRGB/5: log/potB",
    "ArduinoRGB/analog/red",
    "ArduinoRGB/anal
[14:21:53] [WARNING] [DEBUG] procesar_fragmento llamado con: dispositivos/registro/ArduinoRGB/5
[14:21:53] [DEBUG] Fragmento #5 recibido de ArduinoRGB
[14:21:53] [DEBUG] [MQTT] dispositivos/registro/ArduinoRGB/6: og/green",
    "ArduinoRGB/analog/blue",
    "ArduinoRGB/dig
[14:21:53] [WARNING] [DEBUG] procesar_fragmento llamado con: dispositivos/registro/ArduinoRGB/6
[14:21:53] [DEBUG] Fragmento #6 recibido de ArduinoRGB
[14:21:53] [DEBUG] [MQTT] dispositivos/registro/ArduinoRGB/7: ital/switch"
  ],
  "topics_sub": [
    "ArduinoRGB/analog/P
[14:21:53] [WARNING] [DEBUG] procesar_fragmento llamado con: dispositivos/registro/ArduinoRGB/7
[14:21:53] [DEBUG] Fragmento #7 recibido de ArduinoRGB
[14:21:53] [DEBUG] [MQTT] dispositivos/registro/ArduinoRGB/8: WMred",
    "ArduinoRGB/analog/PWMgreen",
    "ArduinoRGB/an
[14:21:53] [WARNING] [DEBUG] procesar_fragmento llamado con: dispositivos/registro/ArduinoRGB/8
[14:21:53] [DEBUG] Fragmento #8 recibido de ArduinoRGB
[14:21:53] [DEBUG] [MQTT] dispositivos/registro/ArduinoRGB/9: alog/PWMblue"
  ]
}

[14:21:53] [WARNING] [DEBUG] procesar_fragmento llamado con: dispositivos/registro/ArduinoRGB/9
[14:21:53] [DEBUG] Fragmento #9 recibido de ArduinoRGB
[14:21:53] [DEBUG] [MQTT] dispositivos/registro/ArduinoRGB/final: <<END>>
[14:21:53] [WARNING] [DEBUG] procesar_fragmento llamado con: dispositivos/registro/ArduinoRGB/final
[14:21:53] [WARNING] DEBUG: final recibido para ArduinoRGB
[14:21:53] [WARNING] DEBUG: claves activas: ['ArduinoRGB']
[14:21:53] [DEBUG] JSON RECONSTRUIDO COMPLETO para ArduinoRGB:

{
  "id": "ArduinoRGB",
  "ip": "192.168.100.123",
  "hostname": "RGB_MQTT",
  "tipo": "Arduino",
  "comunicacion": "mqtt",
  "puerto": 1883,
  "topics_pub": [
    "ArduinoRGB/analog/potR",
    "ArduinoRGB/analog/potG",
    "ArduinoRGB/analog/potB",
    "ArduinoRGB/analog/red",
    "ArduinoRGB/analog/green",
    "ArduinoRGB/analog/blue",
    "ArduinoRGB/digital/switch"
  ],
  "topics_sub": [
    "ArduinoRGB/analog/PWMred",
    "ArduinoRGB/analog/PWMgreen",
    "ArduinoRGB/analog/PWMblue"
  ]
}

[14:21:53] [DEBUG] Archivo dispositivos.json cargado con 4 dispositivos.
[14:21:53] [DEBUG] Archivo dispositivos.json guardado correctamente.
[14:21:53] [INFO] Dispositivo 'ArduinoRGB' actualizado con IP 192.168.100.123.
[14:21:53] [INFO] Dispositivo 'ArduinoRGB' registrado correctamente.
[16:19:46] [DEBUG] [MQTT] dispositivos/registro/ArduinoRGB/1: 
{
  "id": "ArduinoRGB",
  "ip": "192.168.100.123",
  "hostn
[16:19:46] [WARNING] [DEBUG] procesar_fragmento llamado con: dispositivos/registro/ArduinoRGB/1
[16:19:46] [DEBUG] Fragmento #1 recibido de ArduinoRGB
[16:19:46] [DEBUG] [MQTT] dispositivos/registro/ArduinoRGB/2: ame": "RGB_MQTT",
  "tipo": "Arduino",
  "comunicacion": "mq
[16:19:46] [WARNING] [DEBUG] procesar_fragmento llamado con: dispositivos/registro/ArduinoRGB/2
[16:19:46] [DEBUG] Fragmento #2 recibido de ArduinoRGB
[16:19:46] [DEBUG] [MQTT] dispositivos/registro/ArduinoRGB/3: tt",
  "puerto": 1883,
  "topics_pub": [
    "ArduinoRGB/ana
[16:19:46] [WARNING] [DEBUG] procesar_fragmento llamado con: dispositivos/registro/ArduinoRGB/3
[16:19:46] [DEBUG] Fragmento #3 recibido de ArduinoRGB
[16:19:46] [DEBUG] [MQTT] dispositivos/registro/ArduinoRGB/4: log/potR",
    "ArduinoRGB/analog/potG",
    "ArduinoRGB/ana
[16:19:46] [WARNING] [DEBUG] procesar_fragmento llamado con: dispositivos/registro/ArduinoRGB/4
[16:19:46] [DEBUG] Fragmento #4 recibido de ArduinoRGB
[16:19:46] [DEBUG] [MQTT] dispositivos/registro/ArduinoRGB/5: log/potB",
    "ArduinoRGB/analog/red",
    "ArduinoRGB/anal
[16:19:46] [WARNING] [DEBUG] procesar_fragmento llamado con: dispositivos/registro/ArduinoRGB/5
[16:19:46] [DEBUG] Fragmento #5 recibido de ArduinoRGB
[16:19:46] [DEBUG] [MQTT] dispositivos/registro/ArduinoRGB/6: og/green",
    "ArduinoRGB/analog/blue",
    "ArduinoRGB/dig
[16:19:46] [WARNING] [DEBUG] procesar_fragmento llamado con: dispositivos/registro/ArduinoRGB/6
[16:19:46] [DEBUG] Fragmento #6 recibido de ArduinoRGB
[16:19:46] [DEBUG] [MQTT] dispositivos/registro/ArduinoRGB/7: ital/switch"
  ],
  "topics_sub": [
    "ArduinoRGB/analog/P
[16:19:46] [WARNING] [DEBUG] procesar_fragmento llamado con: dispositivos/registro/ArduinoRGB/7
[16:19:46] [DEBUG] Fragmento #7 recibido de ArduinoRGB
[16:19:46] [DEBUG] [MQTT] dispositivos/registro/ArduinoRGB/8: WMred",
    "ArduinoRGB/analog/PWMgreen",
    "ArduinoRGB/an
[16:19:46] [WARNING] [DEBUG] procesar_fragmento llamado con: dispositivos/registro/ArduinoRGB/8
[16:19:46] [DEBUG] Fragmento #8 recibido de ArduinoRGB
[16:19:46] [DEBUG] [MQTT] dispositivos/registro/ArduinoRGB/9: alog/PWMblue"
  ]
}

[16:19:46] [WARNING] [DEBUG] procesar_fragmento llamado con: dispositivos/registro/ArduinoRGB/9
[16:19:46] [DEBUG] Fragmento #9 recibido de ArduinoRGB
[16:19:46] [DEBUG] [MQTT] dispositivos/registro/ArduinoRGB/final: <<END>>
[16:19:46] [WARNING] [DEBUG] procesar_fragmento llamado con: dispositivos/registro/ArduinoRGB/final
[16:19:46] [WARNING] DEBUG: final recibido para ArduinoRGB
[16:19:46] [WARNING] DEBUG: claves activas: ['ArduinoRGB']
[16:19:46] [DEBUG] JSON RECONSTRUIDO COMPLETO para ArduinoRGB:

{
  "id": "ArduinoRGB",
  "ip": "192.168.100.123",
  "hostname": "RGB_MQTT",
  "tipo": "Arduino",
  "comunicacion": "mqtt",
  "puerto": 1883,
  "topics_pub": [
    "ArduinoRGB/analog/potR",
    "ArduinoRGB/analog/potG",
    "ArduinoRGB/analog/potB",
    "ArduinoRGB/analog/red",
    "ArduinoRGB/analog/green",
    "ArduinoRGB/analog/blue",
    "ArduinoRGB/digital/switch"
  ],
  "topics_sub": [
    "ArduinoRGB/analog/PWMred",
    "ArduinoRGB/analog/PWMgreen",
    "ArduinoRGB/analog/PWMblue"
  ]
}

[16:19:46] [DEBUG] Archivo dispositivos.json cargado con 4 dispositivos.
[16:19:46] [DEBUG] Archivo dispositivos.json guardado correctamente.
[16:19:46] [INFO] Dispositivo 'ArduinoRGB' actualizado con IP 192.168.100.123.
[16:19:46] [INFO] Dispositivo 'ArduinoRGB' registrado correctamente.
[16:34:14] [DEBUG] Archivo dispositivos.json cargado con 4 dispositivos.
[17:23:00] [DEBUG] [MQTT] dispositivos/registro/ArduinoRGB/1: 
{
  "id": "ArduinoRGB",
  "ip": "192.168.100.123",
  "hostn
[17:23:00] [WARNING] [DEBUG] procesar_fragmento llamado con: dispositivos/registro/ArduinoRGB/1
[17:23:00] [DEBUG] Fragmento #1 recibido de ArduinoRGB
[17:23:00] [DEBUG] [MQTT] dispositivos/registro/ArduinoRGB/2: ame": "RGB_MQTT",
  "tipo": "Arduino",
  "comunicacion": "mq
[17:23:00] [WARNING] [DEBUG] procesar_fragmento llamado con: dispositivos/registro/ArduinoRGB/2
[17:23:00] [DEBUG] Fragmento #2 recibido de ArduinoRGB
[17:23:00] [DEBUG] [MQTT] dispositivos/registro/ArduinoRGB/3: tt",
  "puerto": 1883,
  "topics_pub": [
    "ArduinoRGB/ana
[17:23:00] [WARNING] [DEBUG] procesar_fragmento llamado con: dispositivos/registro/ArduinoRGB/3
[17:23:00] [DEBUG] Fragmento #3 recibido de ArduinoRGB
[17:23:00] [DEBUG] [MQTT] dispositivos/registro/ArduinoRGB/4: log/potR",
    "ArduinoRGB/analog/potG",
    "ArduinoRGB/ana
[17:23:00] [WARNING] [DEBUG] procesar_fragmento llamado con: dispositivos/registro/ArduinoRGB/4
[17:23:00] [DEBUG] Fragmento #4 recibido de ArduinoRGB
[17:23:00] [DEBUG] [MQTT] dispositivos/registro/ArduinoRGB/5: log/potB",
    "ArduinoRGB/analog/red",
    "ArduinoRGB/anal
[17:23:00] [WARNING] [DEBUG] procesar_fragmento llamado con: dispositivos/registro/ArduinoRGB/5
[17:23:00] [DEBUG] Fragmento #5 recibido de ArduinoRGB
[17:23:00] [DEBUG] [MQTT] dispositivos/registro/ArduinoRGB/6: og/green",
    "ArduinoRGB/analog/blue",
    "ArduinoRGB/dig
[17:23:00] [WARNING] [DEBUG] procesar_fragmento llamado con: dispositivos/registro/ArduinoRGB/6
[17:23:00] [DEBUG] Fragmento #6 recibido de ArduinoRGB
[17:23:00] [DEBUG] [MQTT] dispositivos/registro/ArduinoRGB/7: ital/switch"
  ],
  "topics_sub": [
    "ArduinoRGB/analog/P
[17:23:00] [WARNING] [DEBUG] procesar_fragmento llamado con: dispositivos/registro/ArduinoRGB/7
[17:23:00] [DEBUG] Fragmento #7 recibido de ArduinoRGB
[17:23:00] [DEBUG] [MQTT] dispositivos/registro/ArduinoRGB/8: WMred",
    "ArduinoRGB/analog/PWMgreen",
    "ArduinoRGB/an
[17:23:00] [WARNING] [DEBUG] procesar_fragmento llamado con: dispositivos/registro/ArduinoRGB/8
[17:23:00] [DEBUG] Fragmento #8 recibido de ArduinoRGB
[17:23:00] [DEBUG] [MQTT] dispositivos/registro/ArduinoRGB/9: alog/PWMblue"
  ]
}

[17:23:00] [WARNING] [DEBUG] procesar_fragmento llamado con: dispositivos/registro/ArduinoRGB/9
[17:23:00] [DEBUG] Fragmento #9 recibido de ArduinoRGB
[17:23:00] [DEBUG] [MQTT] dispositivos/registro/ArduinoRGB/final: <<END>>
[17:23:00] [WARNING] [DEBUG] procesar_fragmento llamado con: dispositivos/registro/ArduinoRGB/final
[17:23:00] [WARNING] DEBUG: final recibido para ArduinoRGB
[17:23:00] [WARNING] DEBUG: claves activas: ['ArduinoRGB']
[17:23:00] [DEBUG] JSON RECONSTRUIDO COMPLETO para ArduinoRGB:

{
  "id": "ArduinoRGB",
  "ip": "192.168.100.123",
  "hostname": "RGB_MQTT",
  "tipo": "Arduino",
  "comunicacion": "mqtt",
  "puerto": 1883,
  "topics_pub": [
    "ArduinoRGB/analog/potR",
    "ArduinoRGB/analog/potG",
    "ArduinoRGB/analog/potB",
    "ArduinoRGB/analog/red",
    "ArduinoRGB/analog/green",
    "ArduinoRGB/analog/blue",
    "ArduinoRGB/digital/switch"
  ],
  "topics_sub": [
    "ArduinoRGB/analog/PWMred",
    "ArduinoRGB/analog/PWMgreen",
    "ArduinoRGB/analog/PWMblue"
  ]
}

[17:23:00] [DEBUG] Archivo dispositivos.json cargado con 4 dispositivos.
[17:23:00] [DEBUG] Archivo dispositivos.json guardado correctamente.
[17:23:00] [INFO] Dispositivo 'ArduinoRGB' actualizado con IP 192.168.100.123.
[17:23:00] [INFO] Dispositivo 'ArduinoRGB' registrado correctamente.
