[05:19:21] [INFO] [MQTT] Conectado exitosamente con código: 0
[19:40:52] [DEBUG] Archivo dispositivos.json cargado con 4 dispositivos.
[19:41:13] [DEBUG] Archivo dispositivos.json cargado con 4 dispositivos.
[19:41:19] [DEBUG] Archivo dispositivos.json cargado con 4 dispositivos.
[19:41:33] [DEBUG] Archivo dispositivos.json cargado con 4 dispositivos.
[19:41:34] [DEBUG] Archivo dispositivos.json cargado con 4 dispositivos.
[19:41:37] [DEBUG] Archivo dispositivos.json cargado con 4 dispositivos.
[19:42:03] [DEBUG] Archivo dispositivos.json cargado con 4 dispositivos.
[19:42:09] [DEBUG] [MQTT] dispositivos/registro/ArduinoRGB/1: 
{
  "id": "ArduinoRGB",
  "ip": "192.168.2.22",
  "hostname
[19:42:09] [WARNING] [DEBUG] procesar_fragmento llamado con: dispositivos/registro/ArduinoRGB/1
[19:42:09] [DEBUG] Fragmento #1 recibido de ArduinoRGB
[19:42:09] [DEBUG] [MQTT] dispositivos/registro/ArduinoRGB/2: ": "RGB_MQTT",
  "tipo": "Arduino",
  "comunicacion": "mqtt"
[19:42:09] [WARNING] [DEBUG] procesar_fragmento llamado con: dispositivos/registro/ArduinoRGB/2
[19:42:09] [DEBUG] Fragmento #2 recibido de ArduinoRGB
[19:42:09] [DEBUG] [MQTT] dispositivos/registro/ArduinoRGB/3: ,
  "puerto": 1883,
  "topics_pub": [
    "ArduinoRGB/analog
[19:42:09] [WARNING] [DEBUG] procesar_fragmento llamado con: dispositivos/registro/ArduinoRGB/3
[19:42:09] [DEBUG] Fragmento #3 recibido de ArduinoRGB
[19:42:09] [DEBUG] [MQTT] dispositivos/registro/ArduinoRGB/4: /potR",
    "ArduinoRGB/analog/potG",
    "ArduinoRGB/analog
[19:42:09] [WARNING] [DEBUG] procesar_fragmento llamado con: dispositivos/registro/ArduinoRGB/4
[19:42:09] [DEBUG] Fragmento #4 recibido de ArduinoRGB
[19:42:09] [DEBUG] [MQTT] dispositivos/registro/ArduinoRGB/5: /potB",
    "ArduinoRGB/analog/red",
    "ArduinoRGB/analog/
[19:42:09] [WARNING] [DEBUG] procesar_fragmento llamado con: dispositivos/registro/ArduinoRGB/5
[19:42:09] [DEBUG] Fragmento #5 recibido de ArduinoRGB
[19:42:09] [DEBUG] [MQTT] dispositivos/registro/ArduinoRGB/6: green",
    "ArduinoRGB/analog/blue",
    "ArduinoRGB/digita
[19:42:09] [WARNING] [DEBUG] procesar_fragmento llamado con: dispositivos/registro/ArduinoRGB/6
[19:42:09] [DEBUG] Fragmento #6 recibido de ArduinoRGB
[19:42:09] [DEBUG] [MQTT] dispositivos/registro/ArduinoRGB/7: l/switch"
  ],
  "topics_sub": [
    "ArduinoRGB/analog/PWMr
[19:42:09] [WARNING] [DEBUG] procesar_fragmento llamado con: dispositivos/registro/ArduinoRGB/7
[19:42:09] [DEBUG] Fragmento #7 recibido de ArduinoRGB
[19:42:09] [DEBUG] [MQTT] dispositivos/registro/ArduinoRGB/8: ed",
    "ArduinoRGB/analog/PWMgreen",
    "ArduinoRGB/analo
[19:42:09] [WARNING] [DEBUG] procesar_fragmento llamado con: dispositivos/registro/ArduinoRGB/8
[19:42:09] [DEBUG] Fragmento #8 recibido de ArduinoRGB
[19:42:09] [DEBUG] [MQTT] dispositivos/registro/ArduinoRGB/9: g/PWMblue"
  ]
}

[19:42:09] [WARNING] [DEBUG] procesar_fragmento llamado con: dispositivos/registro/ArduinoRGB/9
[19:42:09] [DEBUG] Fragmento #9 recibido de ArduinoRGB
[19:42:09] [DEBUG] [MQTT] dispositivos/registro/ArduinoRGB/final: <<END>>
[19:42:09] [WARNING] [DEBUG] procesar_fragmento llamado con: dispositivos/registro/ArduinoRGB/final
[19:42:09] [WARNING] DEBUG: final recibido para ArduinoRGB
[19:42:09] [WARNING] DEBUG: claves activas: ['ArduinoRGB']
[19:42:09] [DEBUG] JSON RECONSTRUIDO COMPLETO para ArduinoRGB:

{
  "id": "ArduinoRGB",
  "ip": "192.168.2.22",
  "hostname": "RGB_MQTT",
  "tipo": "Arduino",
  "comunicacion": "mqtt",
  "puerto": 1883,
  "topics_pub": [
    "ArduinoRGB/analog/potR",
    "ArduinoRGB/analog/potG",
    "ArduinoRGB/analog/potB",
    "ArduinoRGB/analog/red",
    "ArduinoRGB/analog/green",
    "ArduinoRGB/analog/blue",
    "ArduinoRGB/digital/switch"
  ],
  "topics_sub": [
    "ArduinoRGB/analog/PWMred",
    "ArduinoRGB/analog/PWMgreen",
    "ArduinoRGB/analog/PWMblue"
  ]
}

[19:42:09] [DEBUG] Archivo dispositivos.json cargado con 4 dispositivos.
[19:42:09] [DEBUG] Archivo dispositivos.json guardado correctamente.
[19:42:09] [INFO] Dispositivo 'ArduinoRGB' actualizado con IP 192.168.2.22.
[19:42:09] [INFO] Dispositivo 'ArduinoRGB' registrado correctamente.
[19:42:17] [DEBUG] Archivo dispositivos.json cargado con 4 dispositivos.
[04:16:58] [DEBUG] Archivo dispositivos.json cargado con 4 dispositivos.
[04:19:54] [DEBUG] Archivo dispositivos.json cargado con 4 dispositivos.
[04:20:43] [DEBUG] Archivo dispositivos.json cargado con 4 dispositivos.
[04:21:39] [DEBUG] Archivo dispositivos.json cargado con 4 dispositivos.
[04:21:42] [DEBUG] Archivo dispositivos.json cargado con 4 dispositivos.
[04:22:07] [DEBUG] Archivo dispositivos.json cargado con 4 dispositivos.
[04:22:16] [DEBUG] Archivo dispositivos.json cargado con 4 dispositivos.
[04:22:31] [DEBUG] Archivo dispositivos.json cargado con 4 dispositivos.
[04:22:36] [DEBUG] Archivo dispositivos.json cargado con 4 dispositivos.
[04:22:45] [DEBUG] Archivo dispositivos.json cargado con 4 dispositivos.
[04:25:59] [DEBUG] Archivo dispositivos.json cargado con 4 dispositivos.
[04:26:05] [DEBUG] Archivo dispositivos.json cargado con 4 dispositivos.
[04:26:06] [DEBUG] Archivo dispositivos.json cargado con 4 dispositivos.
[04:26:14] [DEBUG] Archivo dispositivos.json cargado con 4 dispositivos.
[04:26:15] [DEBUG] Archivo dispositivos.json cargado con 4 dispositivos.
[04:26:16] [DEBUG] Archivo dispositivos.json cargado con 4 dispositivos.
[04:28:47] [DEBUG] Archivo dispositivos.json cargado con 4 dispositivos.
[04:28:54] [DEBUG] Archivo dispositivos.json cargado con 4 dispositivos.
[04:28:59] [DEBUG] Archivo dispositivos.json cargado con 4 dispositivos.
[04:29:34] [DEBUG] Archivo dispositivos.json cargado con 4 dispositivos.
[04:29:38] [DEBUG] Archivo dispositivos.json cargado con 4 dispositivos.
[04:29:40] [DEBUG] Archivo dispositivos.json cargado con 4 dispositivos.
[04:29:56] [DEBUG] Archivo dispositivos.json cargado con 4 dispositivos.
[04:29:57] [DEBUG] Archivo dispositivos.json cargado con 4 dispositivos.
[04:29:59] [DEBUG] Archivo dispositivos.json cargado con 4 dispositivos.
[04:31:52] [DEBUG] Archivo dispositivos.json cargado con 4 dispositivos.
[04:31:59] [DEBUG] Archivo dispositivos.json cargado con 4 dispositivos.
[04:32:03] [DEBUG] Archivo dispositivos.json cargado con 4 dispositivos.
[04:32:16] [DEBUG] Archivo dispositivos.json cargado con 4 dispositivos.
[04:33:21] [DEBUG] Archivo dispositivos.json cargado con 4 dispositivos.
[04:33:23] [DEBUG] Archivo dispositivos.json cargado con 4 dispositivos.
[04:33:24] [DEBUG] Archivo dispositivos.json cargado con 4 dispositivos.
[04:33:26] [DEBUG] Archivo dispositivos.json cargado con 4 dispositivos.
[04:33:36] [DEBUG] Archivo dispositivos.json cargado con 4 dispositivos.
[04:41:21] [DEBUG] Archivo dispositivos.json cargado con 4 dispositivos.
[04:41:26] [DEBUG] Archivo dispositivos.json cargado con 4 dispositivos.
[04:41:33] [DEBUG] Archivo dispositivos.json cargado con 4 dispositivos.
[04:41:38] [DEBUG] Archivo dispositivos.json cargado con 4 dispositivos.
[04:41:40] [DEBUG] Archivo dispositivos.json cargado con 4 dispositivos.
[04:41:53] [DEBUG] Archivo dispositivos.json cargado con 4 dispositivos.
[04:44:25] [DEBUG] Archivo dispositivos.json cargado con 4 dispositivos.
[04:44:30] [DEBUG] Archivo dispositivos.json cargado con 4 dispositivos.
[04:44:48] [DEBUG] Archivo dispositivos.json cargado con 4 dispositivos.
[04:44:53] [DEBUG] Archivo dispositivos.json cargado con 4 dispositivos.
[04:45:06] [DEBUG] Archivo dispositivos.json cargado con 4 dispositivos.
[04:45:19] [DEBUG] Archivo dispositivos.json cargado con 4 dispositivos.
[04:45:34] [DEBUG] Archivo dispositivos.json cargado con 4 dispositivos.
[04:45:41] [DEBUG] Archivo dispositivos.json cargado con 4 dispositivos.
[04:46:00] [DEBUG] Archivo dispositivos.json cargado con 4 dispositivos.
[04:46:26] [DEBUG] Archivo dispositivos.json cargado con 4 dispositivos.
[04:46:31] [DEBUG] Archivo dispositivos.json cargado con 4 dispositivos.
[04:46:34] [DEBUG] Archivo dispositivos.json cargado con 4 dispositivos.
[04:46:46] [DEBUG] Archivo dispositivos.json cargado con 4 dispositivos.
[04:46:50] [DEBUG] Archivo dispositivos.json cargado con 4 dispositivos.
[04:47:19] [DEBUG] Archivo dispositivos.json cargado con 4 dispositivos.
[04:47:31] [DEBUG] Archivo dispositivos.json cargado con 4 dispositivos.
[04:47:37] [DEBUG] Archivo dispositivos.json cargado con 4 dispositivos.
[04:47:50] [DEBUG] Archivo dispositivos.json cargado con 4 dispositivos.
[04:47:54] [DEBUG] Archivo dispositivos.json cargado con 4 dispositivos.
[04:48:03] [DEBUG] Archivo dispositivos.json cargado con 4 dispositivos.
[04:50:47] [DEBUG] Archivo dispositivos.json cargado con 4 dispositivos.
[04:50:53] [DEBUG] Archivo dispositivos.json cargado con 4 dispositivos.
[04:50:54] [DEBUG] Archivo dispositivos.json cargado con 4 dispositivos.
[04:51:09] [DEBUG] Archivo dispositivos.json cargado con 4 dispositivos.
[04:51:22] [DEBUG] Archivo dispositivos.json cargado con 4 dispositivos.
[04:51:29] [DEBUG] Archivo dispositivos.json cargado con 4 dispositivos.
[04:51:33] [DEBUG] Archivo dispositivos.json cargado con 4 dispositivos.
[04:51:34] [DEBUG] Archivo dispositivos.json cargado con 4 dispositivos.
[04:51:38] [DEBUG] Archivo dispositivos.json cargado con 4 dispositivos.
[04:51:55] [DEBUG] Archivo dispositivos.json cargado con 4 dispositivos.
[04:52:07] [DEBUG] Archivo dispositivos.json cargado con 4 dispositivos.
[04:53:39] [DEBUG] Archivo dispositivos.json cargado con 4 dispositivos.
[04:53:40] [DEBUG] Archivo dispositivos.json cargado con 4 dispositivos.
[04:53:41] [DEBUG] Archivo dispositivos.json cargado con 4 dispositivos.
[04:53:45] [DEBUG] Archivo dispositivos.json cargado con 4 dispositivos.
[04:53:55] [DEBUG] Archivo dispositivos.json cargado con 4 dispositivos.
[04:54:05] [DEBUG] Archivo dispositivos.json cargado con 4 dispositivos.
[04:54:06] [DEBUG] Archivo dispositivos.json cargado con 4 dispositivos.
[04:54:06] [DEBUG] Archivo dispositivos.json cargado con 4 dispositivos.
[04:54:14] [DEBUG] Archivo dispositivos.json cargado con 4 dispositivos.
[04:54:25] [DEBUG] Archivo dispositivos.json cargado con 4 dispositivos.
[04:55:09] [DEBUG] Archivo dispositivos.json cargado con 4 dispositivos.
[04:55:32] [DEBUG] Archivo dispositivos.json cargado con 4 dispositivos.
[04:55:33] [DEBUG] Archivo dispositivos.json cargado con 4 dispositivos.
[04:55:35] [DEBUG] Archivo dispositivos.json cargado con 4 dispositivos.
[04:55:42] [DEBUG] Archivo dispositivos.json cargado con 4 dispositivos.
[04:55:49] [DEBUG] Archivo dispositivos.json cargado con 4 dispositivos.
[05:00:30] [DEBUG] Archivo dispositivos.json cargado con 4 dispositivos.
[05:00:34] [DEBUG] Archivo dispositivos.json cargado con 4 dispositivos.
[05:00:35] [DEBUG] Archivo dispositivos.json cargado con 4 dispositivos.
[05:00:37] [DEBUG] Archivo dispositivos.json cargado con 4 dispositivos.
[05:00:41] [DEBUG] Archivo dispositivos.json cargado con 4 dispositivos.
[05:00:53] [DEBUG] Archivo dispositivos.json cargado con 4 dispositivos.
[05:01:23] [DEBUG] Archivo dispositivos.json cargado con 4 dispositivos.
[05:01:27] [DEBUG] Archivo dispositivos.json cargado con 4 dispositivos.
[05:01:57] [DEBUG] Archivo dispositivos.json cargado con 4 dispositivos.
[05:01:58] [DEBUG] Archivo dispositivos.json cargado con 4 dispositivos.
[05:02:00] [DEBUG] Archivo dispositivos.json cargado con 4 dispositivos.
[05:02:04] [DEBUG] Archivo dispositivos.json cargado con 4 dispositivos.
[05:02:13] [DEBUG] Archivo dispositivos.json cargado con 4 dispositivos.
[05:02:22] [DEBUG] Archivo dispositivos.json cargado con 4 dispositivos.
[05:03:30] [DEBUG] Archivo dispositivos.json cargado con 4 dispositivos.
[05:03:31] [DEBUG] Archivo dispositivos.json cargado con 4 dispositivos.
[05:03:33] [DEBUG] Archivo dispositivos.json cargado con 4 dispositivos.
[05:03:37] [DEBUG] Archivo dispositivos.json cargado con 4 dispositivos.
[05:03:40] [DEBUG] Archivo dispositivos.json cargado con 4 dispositivos.
[05:05:40] [DEBUG] Archivo dispositivos.json cargado con 4 dispositivos.
[05:05:41] [DEBUG] Archivo dispositivos.json cargado con 4 dispositivos.
[05:05:43] [DEBUG] Archivo dispositivos.json cargado con 4 dispositivos.
[05:05:47] [DEBUG] Archivo dispositivos.json cargado con 4 dispositivos.
[05:06:02] [DEBUG] Archivo dispositivos.json cargado con 4 dispositivos.
[05:06:14] [DEBUG] Archivo dispositivos.json cargado con 4 dispositivos.
[05:06:15] [DEBUG] Archivo dispositivos.json cargado con 4 dispositivos.
[05:06:17] [DEBUG] Archivo dispositivos.json cargado con 4 dispositivos.
[05:06:38] [DEBUG] Archivo dispositivos.json cargado con 4 dispositivos.
[05:06:39] [DEBUG] Archivo dispositivos.json cargado con 4 dispositivos.
[05:06:41] [DEBUG] Archivo dispositivos.json cargado con 4 dispositivos.
[05:09:59] [DEBUG] Archivo dispositivos.json cargado con 4 dispositivos.
[05:09:59] [DEBUG] Archivo dispositivos.json cargado con 4 dispositivos.
[05:09:59] [DEBUG] Archivo dispositivos.json cargado con 4 dispositivos.
[06:40:30] [DEBUG] Archivo dispositivos.json cargado con 4 dispositivos.
[06:40:30] [DEBUG] Archivo dispositivos.json cargado con 4 dispositivos.
[06:40:30] [DEBUG] Archivo dispositivos.json cargado con 4 dispositivos.
[06:40:32] [DEBUG] Archivo dispositivos.json cargado con 4 dispositivos.
[06:40:42] [DEBUG] Archivo dispositivos.json cargado con 4 dispositivos.
[06:40:53] [DEBUG] Archivo dispositivos.json cargado con 4 dispositivos.
[06:41:27] [DEBUG] Archivo dispositivos.json cargado con 4 dispositivos.
[06:41:27] [DEBUG] Archivo dispositivos.json cargado con 4 dispositivos.
[06:41:27] [DEBUG] Archivo dispositivos.json cargado con 4 dispositivos.
[06:41:27] [DEBUG] Archivo dispositivos.json cargado con 4 dispositivos.
[06:41:27] [DEBUG] Archivo dispositivos.json cargado con 4 dispositivos.
[06:41:27] [DEBUG] Archivo dispositivos.json cargado con 4 dispositivos.
[06:41:37] [DEBUG] Archivo dispositivos.json cargado con 4 dispositivos.
[07:07:26] [DEBUG] Archivo dispositivos.json cargado con 4 dispositivos.
[07:07:31] [DEBUG] Archivo dispositivos.json cargado con 4 dispositivos.
[07:09:18] [DEBUG] Archivo dispositivos.json cargado con 4 dispositivos.
[07:09:18] [DEBUG] Archivo dispositivos.json cargado con 4 dispositivos.
[07:09:18] [DEBUG] Archivo dispositivos.json cargado con 4 dispositivos.
[07:38:29] [DEBUG] Archivo dispositivos.json cargado con 4 dispositivos.
[07:38:29] [DEBUG] Archivo dispositivos.json cargado con 4 dispositivos.
[07:38:29] [DEBUG] Archivo dispositivos.json cargado con 4 dispositivos.
[07:38:48] [DEBUG] Archivo dispositivos.json cargado con 4 dispositivos.
[07:38:48] [DEBUG] Archivo dispositivos.json cargado con 4 dispositivos.
[07:38:50] [DEBUG] Archivo dispositivos.json cargado con 4 dispositivos.
[07:38:58] [DEBUG] Archivo dispositivos.json cargado con 4 dispositivos.
[07:39:00] [DEBUG] Archivo dispositivos.json cargado con 4 dispositivos.
[07:39:05] [DEBUG] Archivo dispositivos.json cargado con 4 dispositivos.
[07:39:20] [DEBUG] Archivo dispositivos.json cargado con 4 dispositivos.
[07:39:46] [DEBUG] Archivo dispositivos.json cargado con 4 dispositivos.
[07:39:57] [DEBUG] Archivo dispositivos.json cargado con 4 dispositivos.
[07:40:09] [DEBUG] Archivo dispositivos.json cargado con 4 dispositivos.
[07:40:17] [DEBUG] Archivo dispositivos.json cargado con 4 dispositivos.
[07:40:19] [DEBUG] Archivo dispositivos.json cargado con 4 dispositivos.
[07:40:20] [DEBUG] Archivo dispositivos.json cargado con 4 dispositivos.
[07:40:21] [DEBUG] Archivo dispositivos.json cargado con 4 dispositivos.
[07:40:23] [DEBUG] Archivo dispositivos.json cargado con 4 dispositivos.
[07:50:07] [DEBUG] Archivo dispositivos.json cargado con 4 dispositivos.
[07:50:09] [DEBUG] Archivo dispositivos.json cargado con 4 dispositivos.
[07:50:21] [DEBUG] Archivo dispositivos.json cargado con 4 dispositivos.
[07:50:22] [DEBUG] Archivo dispositivos.json cargado con 4 dispositivos.
[07:54:26] [DEBUG] Archivo dispositivos.json cargado con 4 dispositivos.
[07:57:47] [DEBUG] Archivo dispositivos.json cargado con 4 dispositivos.
[07:57:53] [DEBUG] Archivo dispositivos.json cargado con 4 dispositivos.
[07:58:10] [DEBUG] Archivo dispositivos.json cargado con 4 dispositivos.
[07:58:19] [DEBUG] Archivo dispositivos.json cargado con 4 dispositivos.
[07:58:41] [DEBUG] Archivo dispositivos.json cargado con 4 dispositivos.
[07:59:34] [DEBUG] Archivo dispositivos.json cargado con 4 dispositivos.
[08:00:41] [DEBUG] Archivo dispositivos.json cargado con 4 dispositivos.
[08:02:02] [DEBUG] Archivo dispositivos.json cargado con 4 dispositivos.
[08:02:04] [DEBUG] Archivo dispositivos.json cargado con 4 dispositivos.
[08:02:05] [DEBUG] Archivo dispositivos.json cargado con 4 dispositivos.
[08:02:08] [DEBUG] Archivo dispositivos.json cargado con 4 dispositivos.
[08:02:13] [DEBUG] Archivo dispositivos.json cargado con 4 dispositivos.
[08:02:15] [DEBUG] Archivo dispositivos.json cargado con 4 dispositivos.
[08:02:17] [DEBUG] Archivo dispositivos.json cargado con 4 dispositivos.
[08:02:26] [DEBUG] Archivo dispositivos.json cargado con 4 dispositivos.
[08:02:29] [DEBUG] Archivo dispositivos.json cargado con 4 dispositivos.
[08:02:41] [DEBUG] Archivo dispositivos.json cargado con 4 dispositivos.
[08:02:43] [DEBUG] Archivo dispositivos.json cargado con 4 dispositivos.
[08:02:56] [DEBUG] Archivo dispositivos.json cargado con 4 dispositivos.
[08:02:56] [DEBUG] Archivo dispositivos.json cargado con 4 dispositivos.
[08:02:57] [DEBUG] Archivo dispositivos.json cargado con 4 dispositivos.
[08:03:04] [DEBUG] Archivo dispositivos.json cargado con 4 dispositivos.
[08:03:05] [DEBUG] Archivo dispositivos.json cargado con 4 dispositivos.
[08:03:05] [DEBUG] Archivo dispositivos.json cargado con 4 dispositivos.
