[13:36:21] [INFO] [MQTT] Conectado exitosamente con código: 0
[13:37:08] [DEBUG] [MQTT] dispositivos/registro/ArduinoRGB/1: 
{
  "id": "ArduinoRGB",
  "ip": "192.168.2.169",
  "hostnam
[13:37:08] [WARNING] [DEBUG] procesar_fragmento llamado con: dispositivos/registro/ArduinoRGB/1
[13:37:08] [DEBUG] Fragmento #1 recibido de ArduinoRGB
[13:37:08] [DEBUG] [MQTT] dispositivos/registro/ArduinoRGB/2: e": "RGB_MQTT",
  "tipo": "Arduino",
  "comunicacion": "mqtt
[13:37:08] [WARNING] [DEBUG] procesar_fragmento llamado con: dispositivos/registro/ArduinoRGB/2
[13:37:08] [DEBUG] Fragmento #2 recibido de ArduinoRGB
[13:37:08] [DEBUG] [MQTT] dispositivos/registro/ArduinoRGB/3: ",
  "puerto": 1883,
  "topics_pub": [
    "ArduinoRGB/analo
[13:37:08] [WARNING] [DEBUG] procesar_fragmento llamado con: dispositivos/registro/ArduinoRGB/3
[13:37:08] [DEBUG] Fragmento #3 recibido de ArduinoRGB
[13:37:08] [DEBUG] [MQTT] dispositivos/registro/ArduinoRGB/4: g/potR",
    "ArduinoRGB/analog/potG",
    "ArduinoRGB/analo
[13:37:08] [WARNING] [DEBUG] procesar_fragmento llamado con: dispositivos/registro/ArduinoRGB/4
[13:37:08] [DEBUG] Fragmento #4 recibido de ArduinoRGB
[13:37:08] [DEBUG] [MQTT] dispositivos/registro/ArduinoRGB/5: g/potB",
    "ArduinoRGB/analog/red",
    "ArduinoRGB/analog
[13:37:08] [WARNING] [DEBUG] procesar_fragmento llamado con: dispositivos/registro/ArduinoRGB/5
[13:37:08] [DEBUG] Fragmento #5 recibido de ArduinoRGB
[13:37:08] [DEBUG] [MQTT] dispositivos/registro/ArduinoRGB/6: /green",
    "ArduinoRGB/analog/blue",
    "ArduinoRGB/digit
[13:37:08] [WARNING] [DEBUG] procesar_fragmento llamado con: dispositivos/registro/ArduinoRGB/6
[13:37:08] [DEBUG] Fragmento #6 recibido de ArduinoRGB
[13:37:08] [DEBUG] [MQTT] dispositivos/registro/ArduinoRGB/7: al/switch"
  ],
  "topics_sub": [
    "ArduinoRGB/analog/PWM
[13:37:08] [WARNING] [DEBUG] procesar_fragmento llamado con: dispositivos/registro/ArduinoRGB/7
[13:37:08] [DEBUG] Fragmento #7 recibido de ArduinoRGB
[13:37:08] [DEBUG] [MQTT] dispositivos/registro/ArduinoRGB/8: red",
    "ArduinoRGB/analog/PWMgreen",
    "ArduinoRGB/anal
[13:37:08] [WARNING] [DEBUG] procesar_fragmento llamado con: dispositivos/registro/ArduinoRGB/8
[13:37:08] [DEBUG] Fragmento #8 recibido de ArduinoRGB
[13:37:08] [DEBUG] [MQTT] dispositivos/registro/ArduinoRGB/9: og/PWMblue"
  ]
}

[13:37:08] [WARNING] [DEBUG] procesar_fragmento llamado con: dispositivos/registro/ArduinoRGB/9
[13:37:08] [DEBUG] Fragmento #9 recibido de ArduinoRGB
[13:37:08] [DEBUG] [MQTT] dispositivos/registro/ArduinoRGB/final: <<END>>
[13:37:08] [WARNING] [DEBUG] procesar_fragmento llamado con: dispositivos/registro/ArduinoRGB/final
[13:37:08] [WARNING] DEBUG: final recibido para ArduinoRGB
[13:37:08] [WARNING] DEBUG: claves activas: ['ArduinoRGB']
[13:37:08] [DEBUG] JSON RECONSTRUIDO COMPLETO para ArduinoRGB:

{
  "id": "ArduinoRGB",
  "ip": "192.168.2.169",
  "hostname": "RGB_MQTT",
  "tipo": "Arduino",
  "comunicacion": "mqtt",
  "puerto": 1883,
  "topics_pub": [
    "ArduinoRGB/analog/potR",
    "ArduinoRGB/analog/potG",
    "ArduinoRGB/analog/potB",
    "ArduinoRGB/analog/red",
    "ArduinoRGB/analog/green",
    "ArduinoRGB/analog/blue",
    "ArduinoRGB/digital/switch"
  ],
  "topics_sub": [
    "ArduinoRGB/analog/PWMred",
    "ArduinoRGB/analog/PWMgreen",
    "ArduinoRGB/analog/PWMblue"
  ]
}

[13:37:08] [DEBUG] Archivo dispositivos.json cargado con 4 dispositivos.
[13:37:08] [DEBUG] Archivo dispositivos.json guardado correctamente.
[13:37:08] [INFO] Dispositivo 'ArduinoRGB' actualizado con IP 192.168.2.169.
[13:37:08] [INFO] Dispositivo 'ArduinoRGB' registrado correctamente.
