[05:30:55] [INFO] [MQTT] Conectado exitosamente con código: 0
[06:54:45] [DEBUG] Archivo dispositivos.json cargado con 4 dispositivos.
[06:54:46] [DEBUG] Archivo dispositivos.json cargado con 4 dispositivos.
[06:54:47] [DEBUG] Archivo dispositivos.json cargado con 4 dispositivos.
[06:54:48] [DEBUG] Archivo dispositivos.json cargado con 4 dispositivos.
[06:54:49] [DEBUG] Archivo dispositivos.json cargado con 4 dispositivos.
[06:54:51] [DEBUG] Archivo dispositivos.json cargado con 4 dispositivos.
[06:54:52] [DEBUG] Archivo dispositivos.json cargado con 4 dispositivos.
[06:54:59] [DEBUG] Archivo dispositivos.json cargado con 4 dispositivos.
[06:55:07] [DEBUG] Archivo dispositivos.json cargado con 4 dispositivos.
[06:55:10] [DEBUG] Archivo dispositivos.json cargado con 4 dispositivos.
[06:55:23] [DEBUG] Archivo dispositivos.json cargado con 4 dispositivos.
[06:55:37] [DEBUG] Archivo dispositivos.json cargado con 4 dispositivos.
[06:55:38] [DEBUG] Archivo dispositivos.json cargado con 4 dispositivos.
[06:55:48] [DEBUG] Archivo dispositivos.json cargado con 4 dispositivos.
[06:55:51] [DEBUG] Archivo dispositivos.json cargado con 4 dispositivos.
[06:55:57] [DEBUG] Archivo dispositivos.json cargado con 4 dispositivos.
[06:55:59] [DEBUG] Archivo dispositivos.json cargado con 4 dispositivos.
[06:56:01] [DEBUG] Archivo dispositivos.json cargado con 4 dispositivos.
[06:56:04] [DEBUG] Archivo dispositivos.json cargado con 4 dispositivos.
[06:56:11] [DEBUG] Archivo dispositivos.json cargado con 4 dispositivos.
[06:56:20] [DEBUG] Archivo dispositivos.json cargado con 4 dispositivos.
[06:56:20] [DEBUG] Archivo dispositivos.json cargado con 4 dispositivos.
[06:56:22] [DEBUG] Archivo dispositivos.json cargado con 4 dispositivos.
[06:56:28] [DEBUG] Archivo dispositivos.json cargado con 4 dispositivos.
[06:56:30] [DEBUG] Archivo dispositivos.json cargado con 4 dispositivos.
[06:56:32] [DEBUG] Archivo dispositivos.json cargado con 4 dispositivos.
[06:56:33] [DEBUG] Archivo dispositivos.json cargado con 4 dispositivos.
[06:56:43] [DEBUG] Archivo dispositivos.json cargado con 4 dispositivos.
[06:56:49] [DEBUG] Archivo dispositivos.json cargado con 4 dispositivos.
[06:56:50] [DEBUG] Archivo dispositivos.json cargado con 4 dispositivos.
[06:57:13] [DEBUG] Archivo dispositivos.json cargado con 4 dispositivos.
[06:57:16] [DEBUG] Archivo dispositivos.json cargado con 4 dispositivos.
[06:57:20] [DEBUG] Archivo dispositivos.json cargado con 4 dispositivos.
[06:57:20] [DEBUG] Archivo dispositivos.json cargado con 4 dispositivos.
[06:57:21] [DEBUG] Archivo dispositivos.json cargado con 4 dispositivos.
[06:57:25] [DEBUG] Archivo dispositivos.json cargado con 4 dispositivos.
[06:57:26] [DEBUG] Archivo dispositivos.json cargado con 4 dispositivos.
[06:57:30] [DEBUG] Archivo dispositivos.json cargado con 4 dispositivos.
[08:15:06] [INFO] [MQTT] Conectado exitosamente con código: 0
[08:36:13] [DEBUG] Archivo dispositivos.json cargado con 4 dispositivos.
[13:27:56] [INFO] [MQTT] Conectado exitosamente con código: 0
[13:31:30] [DEBUG] [MQTT] dispositivos/registro/ArduinoRGB/1: 
{
  "id": "ArduinoRGB",
  "ip": "192.168.2.22",
  "hostname
[13:31:30] [WARNING] [DEBUG] procesar_fragmento llamado con: dispositivos/registro/ArduinoRGB/1
[13:31:30] [DEBUG] Fragmento #1 recibido de ArduinoRGB
[13:31:30] [DEBUG] [MQTT] dispositivos/registro/ArduinoRGB/2: ": "RGB_MQTT",
  "tipo": "Arduino",
  "comunicacion": "mqtt"
[13:31:30] [WARNING] [DEBUG] procesar_fragmento llamado con: dispositivos/registro/ArduinoRGB/2
[13:31:30] [DEBUG] Fragmento #2 recibido de ArduinoRGB
[13:31:30] [DEBUG] [MQTT] dispositivos/registro/ArduinoRGB/3: ,
  "puerto": 1883,
  "topics_pub": [
    "ArduinoRGB/analog
[13:31:30] [WARNING] [DEBUG] procesar_fragmento llamado con: dispositivos/registro/ArduinoRGB/3
[13:31:30] [DEBUG] Fragmento #3 recibido de ArduinoRGB
[13:31:30] [DEBUG] [MQTT] dispositivos/registro/ArduinoRGB/4: /potR",
    "ArduinoRGB/analog/potG",
    "ArduinoRGB/analog
[13:31:30] [WARNING] [DEBUG] procesar_fragmento llamado con: dispositivos/registro/ArduinoRGB/4
[13:31:30] [DEBUG] Fragmento #4 recibido de ArduinoRGB
[13:31:30] [DEBUG] [MQTT] dispositivos/registro/ArduinoRGB/5: /potB",
    "ArduinoRGB/analog/red",
    "ArduinoRGB/analog/
[13:31:30] [WARNING] [DEBUG] procesar_fragmento llamado con: dispositivos/registro/ArduinoRGB/5
[13:31:30] [DEBUG] Fragmento #5 recibido de ArduinoRGB
[13:31:30] [DEBUG] [MQTT] dispositivos/registro/ArduinoRGB/6: green",
    "ArduinoRGB/analog/blue",
    "ArduinoRGB/digita
[13:31:30] [WARNING] [DEBUG] procesar_fragmento llamado con: dispositivos/registro/ArduinoRGB/6
[13:31:30] [DEBUG] Fragmento #6 recibido de ArduinoRGB
[13:31:30] [DEBUG] [MQTT] dispositivos/registro/ArduinoRGB/7: l/switch"
  ],
  "topics_sub": [
    "ArduinoRGB/analog/PWMr
[13:31:30] [WARNING] [DEBUG] procesar_fragmento llamado con: dispositivos/registro/ArduinoRGB/7
[13:31:30] [DEBUG] Fragmento #7 recibido de ArduinoRGB
[13:31:30] [DEBUG] [MQTT] dispositivos/registro/ArduinoRGB/8: ed",
    "ArduinoRGB/analog/PWMgreen",
    "ArduinoRGB/analo
[13:31:30] [WARNING] [DEBUG] procesar_fragmento llamado con: dispositivos/registro/ArduinoRGB/8
[13:31:30] [DEBUG] Fragmento #8 recibido de ArduinoRGB
[13:31:30] [DEBUG] [MQTT] dispositivos/registro/ArduinoRGB/9: g/PWMblue"
  ]
}

[13:31:30] [WARNING] [DEBUG] procesar_fragmento llamado con: dispositivos/registro/ArduinoRGB/9
[13:31:30] [DEBUG] Fragmento #9 recibido de ArduinoRGB
[13:31:30] [DEBUG] [MQTT] dispositivos/registro/ArduinoRGB/final: <<END>>
[13:31:30] [WARNING] [DEBUG] procesar_fragmento llamado con: dispositivos/registro/ArduinoRGB/final
[13:31:30] [WARNING] DEBUG: final recibido para ArduinoRGB
[13:31:30] [WARNING] DEBUG: claves activas: ['ArduinoRGB']
[13:31:30] [DEBUG] JSON RECONSTRUIDO COMPLETO para ArduinoRGB:

{
  "id": "ArduinoRGB",
  "ip": "192.168.2.22",
  "hostname": "RGB_MQTT",
  "tipo": "Arduino",
  "comunicacion": "mqtt",
  "puerto": 1883,
  "topics_pub": [
    "ArduinoRGB/analog/potR",
    "ArduinoRGB/analog/potG",
    "ArduinoRGB/analog/potB",
    "ArduinoRGB/analog/red",
    "ArduinoRGB/analog/green",
    "ArduinoRGB/analog/blue",
    "ArduinoRGB/digital/switch"
  ],
  "topics_sub": [
    "ArduinoRGB/analog/PWMred",
    "ArduinoRGB/analog/PWMgreen",
    "ArduinoRGB/analog/PWMblue"
  ]
}

[13:31:30] [DEBUG] Archivo dispositivos.json cargado con 4 dispositivos.
[13:31:30] [DEBUG] Archivo dispositivos.json guardado correctamente.
[13:31:30] [INFO] Dispositivo 'ArduinoRGB' actualizado con IP 192.168.2.22.
[13:31:30] [INFO] Dispositivo 'ArduinoRGB' registrado correctamente.
